<?xml version="1.0" encoding="UTF-8"?>
<testsuite xmlns:xsi="http://www.w3.org/2001/XMLSchema-instance" xsi:noNamespaceSchemaLocation="https://maven.apache.org/surefire/maven-surefire-plugin/xsd/surefire-test-report-3.0.xsd" version="3.0" name="net.mooctest.ALUAdderTest" time="0.045" tests="11" errors="0" skipped="0" failures="0">
  <properties>
[...]
</properties>
  <testcase name="test12" classname="net.mooctest.ALUAdderTest" time="0.004"/>
  <testcase name="test25" classname="net.mooctest.ALUAdderTest" time="0"/>
  <testcase name="test27" classname="net.mooctest.ALUAdderTest" time="0"/>
  <testcase name="test28" classname="net.mooctest.ALUAdderTest" time="0"/>
  <testcase name="test33" classname="net.mooctest.ALUAdderTest" time="0"/>
  <testcase name="test34" classname="net.mooctest.ALUAdderTest" time="0.001"/>
  <testcase name="test35" classname="net.mooctest.ALUAdderTest" time="0"/>
  <testcase name="test44" classname="net.mooctest.ALUAdderTest" time="0.001"/>
  <testcase name="test45" classname="net.mooctest.ALUAdderTest" time="0"/>
  <testcase name="test47" classname="net.mooctest.ALUAdderTest" time="0.001"/>
  <testcase name="test48" classname="net.mooctest.ALUAdderTest" time="0"/>
</testsuite>